[00:11:18] [INIT] KubeJS 2001.6.5-build.14; MC 2001 forge
[00:11:18] [INIT] Loaded plugins:
[00:11:18] [INIT] - dev.latvian.mods.kubejs.forge.BuiltinKubeJSForgePlugin
[00:11:18] [INIT] - dev.latvian.mods.kubejs.forge.BuiltinKubeJSForgeClientPlugin
[00:11:18] [INIT] - com.almostreliable.morejs.Plugin
[00:11:18] [INIT] - fr.iglee42.createcasing.compat.kubejs.KubeJSCompatPlugin
[00:11:18] [INIT] - com.oierbravo.createmechanicalextruder.compat.kubejs.KubeJSCreateMechanicalExtruderPlugin
[00:11:18] [INIT] - com.oierbravo.create_mechanical_spawner.compat.kubejs.KubeJSCreateMechanicalSpawnerPlugin
[00:11:18] [INIT] - qinomed.kubejsdelight.KubeJSDelightPlugin
[00:11:18] [INIT] - moe.wolfgirl.probejs.plugin.BuiltinProbeJSPlugin
[00:11:18] [INIT] - com.almostreliable.ponderjs.PonderJSPlugin
[00:11:18] [INIT] - dev.latvian.mods.kubejs.create.KubeJSCreatePlugin
[00:11:19] [INFO] Loaded script server_scripts:NBT.js in 0.0 s
[00:11:19] [INFO] Loaded script server_scripts:Rezept.js in 0.005 s
[00:11:19] [INFO] Loaded script server_scripts:Rubberleaves.js in 0.001 s
[00:11:19] [INFO] Loaded 3/3 KubeJS server scripts in 0.013 s with 0 errors and 0 warnings
[00:11:19] [INFO] Scripts loaded
[00:11:19] [INFO] Initializing recipe event...
[00:11:20] [INFO] [minecraft:block] Found 1204 tags, added 2 objects, removed 0 objects
[00:11:20] [INFO] [minecraft:item] Found 1951 tags, added 1 objects, removed 1 objects
[00:11:21] [INFO] Processing recipes...
[00:11:21] [WARN] Failed to parse recipe 'ae2:inscriber/certus_quartz_dust[crafting_shapeless]'! Falling back to vanilla: ItemStack 'result' can't be empty!
[00:11:21] [WARN] Failed to parse recipe 'tfmg:crafting/epic_party_light_bulb[minecraft:crafting_shaped]'! Falling back to vanilla: ItemStack 'result' can't be empty!
[00:11:21] [WARN] Failed to parse recipe 'ae2:inscriber/logic_processor_press[crafting_shapeless]'! Falling back to vanilla: ItemStack 'result' can't be empty!
[00:11:21] [WARN] Failed to parse recipe 'ae2:inscriber/calculation_processor_print[crafting_shapeless]'! Falling back to vanilla: ItemStack 'result' can't be empty!
[00:11:21] [WARN] Failed to parse recipe 'ae2:inscriber/logic_processor_print[crafting_shapeless]'! Falling back to vanilla: ItemStack 'result' can't be empty!
[00:11:21] [WARN] Failed to parse recipe 'ae2:inscriber/calculation_processor[crafting_shapeless]'! Falling back to vanilla: ItemStack 'result' can't be empty!
[00:11:21] [WARN] Failed to parse recipe 'ae2:inscriber/calculation_processor_press[crafting_shapeless]'! Falling back to vanilla: ItemStack 'result' can't be empty!
[00:11:21] [WARN] Failed to parse recipe 'ae2:inscriber/fluix_dust[crafting_shapeless]'! Falling back to vanilla: ItemStack 'result' can't be empty!
[00:11:21] [WARN] Failed to parse recipe 'tfmg:crafting/glass_cable_connector[minecraft:crafting_shaped]'! Falling back to vanilla: ItemStack 'result' can't be empty!
[00:11:21] [WARN] Failed to parse recipe 'create_things_and_misc:netheriteportablewithlecraft[minecraft:smithing_transform]'! Falling back to vanilla: Ingredient 'template' can't be empty!
[00:11:21] [WARN] Failed to parse recipe 'ae2:inscriber/logic_processor[crafting_shapeless]'! Falling back to vanilla: ItemStack 'result' can't be empty!
[00:11:22] [WARN] Failed to parse recipe 'design_decor:stonecutting/metals/iron/screw[minecraft:stonecutting]'! Falling back to vanilla: ItemStack 'result' can't be empty!
[00:11:22] [WARN] Failed to parse recipe 'create_things_and_misc:schematic_chair[minecraft:crafting_shaped]'! Falling back to vanilla: ItemStack 'result' can't be empty!
[00:11:22] [WARN] Failed to parse recipe 'tfmg:crafting/battery[minecraft:crafting_shaped]'! Falling back to vanilla: ItemStack 'result' can't be empty!
[00:11:22] [WARN] Failed to parse recipe 'bitsnbobs:stonecutting/moss_layers_block[minecraft:stonecutting]'! Falling back to vanilla: ItemStack 'result' can't be empty!
[00:11:22] [WARN] Failed to parse recipe 'tfmg:crafting/cast_iron_distillation_output[minecraft:crafting_shaped]'! Falling back to vanilla: ItemStack 'result' can't be empty!
[00:11:22] [WARN] Failed to parse recipe 'tfmg:stonecutting/caution_block[minecraft:stonecutting]'! Falling back to vanilla: ItemStack 'result' can't be empty!
[00:11:22] [WARN] Failed to parse recipe 'ae2:inscriber/ender_dust[crafting_shapeless]'! Falling back to vanilla: ItemStack 'result' can't be empty!
[00:11:22] [WARN] Failed to parse recipe 'create_things_and_misc:copper_scaffolding_craft[minecraft:crafting_shaped]'! Falling back to vanilla: ItemStack 'result' can't be empty!
[00:11:22] [WARN] Failed to parse recipe 'ae2:inscriber/engineering_processor[crafting_shapeless]'! Falling back to vanilla: ItemStack 'result' can't be empty!
[00:11:22] [WARN] Failed to parse recipe 'design_decor:stonecutting/metals/iron/bolt[minecraft:stonecutting]'! Falling back to vanilla: ItemStack 'result' can't be empty!
[00:11:22] [WARN] Failed to parse recipe 'destroy:compat/alexscaves/crafting/glow_ink_bomb[minecraft:crafting_shapeless]'! Falling back to vanilla: Recipe component key 'ingredients' not found! Valid keys: [ingredients:input_item[], result:output_item]
[00:11:22] [WARN] Failed to parse recipe 'tfmg:mechanical_crafting/cast_iron_distillation_controller[create:mechanical_crafting]'! Falling back to vanilla: ItemStack 'result' can't be empty!
[00:11:22] [WARN] Failed to parse recipe 'ae2:inscriber/sky_stone_dust[crafting_shapeless]'! Falling back to vanilla: ItemStack 'result' can't be empty!
[00:11:22] [WARN] Failed to parse recipe 'ae2:inscriber/silicon_print[crafting_shapeless]'! Falling back to vanilla: ItemStack 'result' can't be empty!
[00:11:22] [WARN] Failed to parse recipe 'destroy:compat/alexscaves/crafting/ink_bomb[minecraft:crafting_shapeless]'! Falling back to vanilla: Recipe component key 'ingredients' not found! Valid keys: [ingredients:input_item[], result:output_item]
[00:11:22] [WARN] Failed to parse recipe 'ae2:inscriber/engineering_processor_press[crafting_shapeless]'! Falling back to vanilla: ItemStack 'result' can't be empty!
[00:11:22] [WARN] Failed to parse recipe 'tfmg:crafting/welding_machine[minecraft:crafting_shaped]'! Falling back to vanilla: ItemStack 'result' can't be empty!
[00:11:22] [WARN] Failed to parse recipe 'tfmg:mechanical_crafting/pumpjack_hammer_holder[create:mechanical_crafting]'! Falling back to vanilla: ItemStack 'result' can't be empty!
[00:11:22] [WARN] Failed to parse recipe 'ae2:inscriber/silicon_press[crafting_shapeless]'! Falling back to vanilla: ItemStack 'result' can't be empty!
[00:11:22] [WARN] Failed to parse recipe 'tfmg:stonecutting/caution_blocks/light_blue_caution_block[minecraft:stonecutting]'! Falling back to vanilla: ItemStack 'result' can't be empty!
[00:11:22] [WARN] Failed to parse recipe 'ae2:network/blocks/inscribers[crafting_shapeless]'! Falling back to vanilla: ItemStack 'result' can't be empty!
[00:11:22] [WARN] Failed to parse recipe 'ae2:inscriber/engineering_processor_print[crafting_shapeless]'! Falling back to vanilla: ItemStack 'result' can't be empty!
[00:11:22] [INFO] Found 17437 recipes in 714.3 ms
[00:11:22] [INFO] Posted recipe events in 69.84 ms
[00:11:22] [WARN] Error parsing recipe bitsnbobs:crafting_shapeless/old_thatch_block_from_waxed[minecraft:crafting_shapeless]: {"type":"minecraft:crafting_shapeless","category":"building","ingredients":[{"item":"bitsnbobs:waxed_aged_thatched_block"},{"item":"create:experience_nugget"}],"result":{"item":"bitsnbobs:old_thatch_block"}}: Unknown item 'bitsnbobs:waxed_aged_thatched_block'
[00:11:22] [WARN] Error parsing recipe tfmg:colored_concrete/full_block/lime_concrete_q[create:item_application]: {"type":"create:item_application","ingredients":[{"item":"tfmg:mesh_concrete"},{"item":"minecraft:lime_dye"}],"results":[{"item":"tfmg:lime_high_quality_concrete"}]}: Unknown item 'tfmg:mesh_concrete'
[00:11:22] [WARN] Error parsing recipe tfmg:colored_concrete/full_block/brown_concrete_q[create:item_application]: {"type":"create:item_application","ingredients":[{"item":"tfmg:mesh_concrete"},{"item":"minecraft:brown_dye"}],"results":[{"item":"tfmg:brown_high_quality_concrete"}]}: Unknown item 'tfmg:mesh_concrete'
[00:11:22] [WARN] Error parsing recipe tfmg:colored_concrete/full_block/red_concrete_q[create:item_application]: {"type":"create:item_application","ingredients":[{"item":"tfmg:mesh_concrete"},{"item":"minecraft:red_dye"}],"results":[{"item":"tfmg:red_high_quality_concrete"}]}: Unknown item 'tfmg:mesh_concrete'
[00:11:22] [WARN] Error parsing recipe createappliedkinetics:throw_in_water/certus_seed/catalyzed[create:mixing]: {"type":"create:mixing","ingredients":[{"fluid":"minecraft:water","amount":100},{"item":"ae2:certus_crystal_seed"},{"item":"ae2:fluix_crystal"}],"results":[{"item":"ae2:certus_quartz_crystal"},{"fluid":"minecraft:water","amount":100},{"item":"ae2:fluix_crystal"}]}: Unknown item 'ae2:certus_crystal_seed'
[00:11:22] [WARN] Error parsing recipe tfmg:colored_concrete/full_block/light_blue_concrete_q[create:item_application]: {"type":"create:item_application","ingredients":[{"item":"tfmg:mesh_concrete"},{"item":"minecraft:light_blue_dye"}],"results":[{"item":"tfmg:light_blue_high_quality_concrete"}]}: Unknown item 'tfmg:mesh_concrete'
[00:11:22] [WARN] Error parsing recipe tfmg:colored_concrete/full_block/pink_concrete_q[create:item_application]: {"type":"create:item_application","ingredients":[{"item":"tfmg:mesh_concrete"},{"item":"minecraft:pink_dye"}],"results":[{"item":"tfmg:pink_high_quality_concrete"}]}: Unknown item 'tfmg:mesh_concrete'
[00:11:22] [WARN] Error parsing recipe bitsnbobs:crafting_shapeless/aged_thatch_block[minecraft:crafting_shapeless]: {"type":"minecraft:crafting_shapeless","category":"building","ingredients":[{"item":"bitsnbobs:thatched_block"},{"item":"create:experience_nugget"}],"result":{"item":"bitsnbobs:aged_thatch_block"}}: Unknown item 'bitsnbobs:thatched_block'
[00:11:22] [WARN] Error parsing recipe tfmg:colored_concrete/full_block/gray_concrete_q[create:item_application]: {"type":"create:item_application","ingredients":[{"item":"tfmg:mesh_concrete"},{"item":"minecraft:gray_dye"}],"results":[{"item":"tfmg:gray_high_quality_concrete"}]}: Unknown item 'tfmg:mesh_concrete'
[00:11:22] [WARN] Error parsing recipe tfmg:colored_concrete/full_block/yellow_concrete_q[create:item_application]: {"type":"create:item_application","ingredients":[{"item":"tfmg:mesh_concrete"},{"item":"minecraft:yellow_dye"}],"results":[{"item":"tfmg:yellow_high_quality_concrete"}]}: Unknown item 'tfmg:mesh_concrete'
[00:11:22] [WARN] Error parsing recipe createappliedkinetics:throw_in_water/certus_seed/normal[create:mixing]: {"type":"create:mixing","ingredients":[{"fluid":"minecraft:water","amount":100},{"item":"ae2:certus_crystal_seed"}],"results":[{"item":"ae2:certus_quartz_crystal"},{"fluid":"minecraft:water","amount":100}],"processingTime":200}: Unknown item 'ae2:certus_crystal_seed'
[00:11:22] [WARN] Error parsing recipe create_confectionery:chocolate_recipe_6[create:mixing]: {"group":"create_confectionery","type":"create:mixing","ingredients":[{"item":"create_confectionery:chocolate_bricks_wall"}],"results":[{"fluid":"create:chocolate","amount":1000}],"heatRequirement":"heated"}: Unknown item 'create_confectionery:chocolate_bricks_wall'
[00:11:22] [WARN] Error parsing recipe create:cutting/compat/biomesoplenty/stripped_cherry_wood[create:cutting]: {"type":"create:cutting","conditions":[{"type":"forge:mod_loaded","modid":"biomesoplenty"}],"ingredients":[{"item":"biomesoplenty:stripped_cherry_wood"}],"processingTime":50,"results":[{"count":6,"item":"biomesoplenty:cherry_planks"}]}: Unknown item 'biomesoplenty:stripped_cherry_wood'
[00:11:22] [WARN] Error parsing recipe design_decor:item_application/crushing_wheels/special_aluminum_cylinder[create:item_application]: {"type":"create:item_application","ingredients":[{"item":"design_decor:aluminum_boiler"},{"item":"minecraft:pink_dye"}],"results":[{"item":"design_decor:aluminum_boiler_special"}]}: Unknown item 'design_decor:aluminum_boiler'
[00:11:22] [WARN] Error parsing recipe tfmg:colored_concrete/full_block/white_concrete_q[create:item_application]: {"type":"create:item_application","ingredients":[{"item":"tfmg:mesh_concrete"},{"item":"minecraft:white_dye"}],"results":[{"item":"tfmg:white_high_quality_concrete"}]}: Unknown item 'tfmg:mesh_concrete'
[00:11:22] [WARN] Error parsing recipe tfmg:colored_concrete/full_block/blue_concrete_q[create:item_application]: {"type":"create:item_application","ingredients":[{"item":"tfmg:mesh_concrete"},{"item":"minecraft:blue_dye"}],"results":[{"item":"tfmg:blue_high_quality_concrete"}]}: Unknown item 'tfmg:mesh_concrete'
[00:11:22] [WARN] Error parsing recipe createappliedkinetics:throw_in_water/fluix_seed/normal[create:mixing]: {"type":"create:mixing","ingredients":[{"fluid":"minecraft:water","amount":100},{"item":"ae2:fluix_crystal_seed"}],"results":[{"item":"ae2:fluix_crystal"},{"fluid":"minecraft:water","amount":100}]}: Unknown item 'ae2:fluix_crystal_seed'
[00:11:22] [WARN] Error parsing recipe design_decor:item_application/millstones/special_aluminum_cylinder[create:item_application]: {"type":"create:item_application","ingredients":[{"item":"design_decor:aluminum_boiler"},{"item":"minecraft:pink_dye"}],"results":[{"item":"design_decor:aluminum_boiler_special"}]}: Unknown item 'design_decor:aluminum_boiler'
[00:11:22] [WARN] Error parsing recipe tfmg:colored_concrete/full_block/green_concrete_q[create:item_application]: {"type":"create:item_application","ingredients":[{"item":"tfmg:mesh_concrete"},{"item":"minecraft:green_dye"}],"results":[{"item":"tfmg:green_high_quality_concrete"}]}: Unknown item 'tfmg:mesh_concrete'
[00:11:22] [WARN] Error parsing recipe create_confectionery:black_chocolate_recipe_6[create:mixing]: {"group":"create_confectionery","type":"create:mixing","ingredients":[{"item":"create_confectionery:black_chocolate_bricks_wall"}],"results":[{"fluid":"create_confectionery:black_chocolate","amount":1000}],"heatRequirement":"heated"}: Unknown item 'create_confectionery:black_chocolate_bricks_wall'
[00:11:22] [WARN] Error parsing recipe create_confectionery:ruby_chocolate_recipe_6[create:mixing]: {"group":"create_confectionery","type":"create:mixing","ingredients":[{"item":"create_confectionery:ruby_chocolate_brick_wall"}],"results":[{"fluid":"create_confectionery:ruby_chocolate","amount":1000}],"heatRequirement":"heated"}: Unknown item 'create_confectionery:ruby_chocolate_brick_wall'
[00:11:22] [WARN] Error parsing recipe create:cutting/compat/biomesoplenty/cherry_log[create:cutting]: {"type":"create:cutting","conditions":[{"type":"forge:mod_loaded","modid":"biomesoplenty"}],"ingredients":[{"item":"biomesoplenty:cherry_log"}],"processingTime":50,"results":[{"item":"biomesoplenty:stripped_cherry_log"}]}: Unknown item 'biomesoplenty:cherry_log'
[00:11:22] [WARN] Error parsing recipe create:cutting/compat/biomesoplenty/cherry_wood[create:cutting]: {"type":"create:cutting","conditions":[{"type":"forge:mod_loaded","modid":"biomesoplenty"}],"ingredients":[{"item":"biomesoplenty:cherry_wood"}],"processingTime":50,"results":[{"item":"biomesoplenty:stripped_cherry_wood"}]}: Unknown item 'biomesoplenty:cherry_wood'
[00:11:22] [WARN] Error parsing recipe tfmg:colored_concrete/full_block/light_gray_concrete_q[create:item_application]: {"type":"create:item_application","ingredients":[{"item":"tfmg:mesh_concrete"},{"item":"minecraft:light_gray_dye"}],"results":[{"item":"tfmg:light_gray_high_quality_concrete"}]}: Unknown item 'tfmg:mesh_concrete'
[00:11:22] [WARN] Error parsing recipe alexsdelight:barbecue_on_a_stick[minecraft:crafting_shapeless]: {"group":"barbecue_stick","type":"minecraft:crafting_shapeless","ingredients":[{"item":"farmersdelight:tomato"},{"item":"farmersdelight:onion"},{"item":"amfd:singular_cooked_moose_rib"},{"item":"minecraft:cooked_chicken"},{"item":"minecraft:stick"},{"item":"minecraft:stick"}],"result":{"item":"farmersdelight:barbecue_stick","count":2}}: Unknown item 'amfd:singular_cooked_moose_rib'
[00:11:22] [WARN] Error parsing recipe bitsnbobs:crafting_shapeless/waxed_aged_thatch_block_from_waxed[minecraft:crafting_shapeless]: {"type":"minecraft:crafting_shapeless","category":"building","ingredients":[{"item":"bitsnbobs:waxed_thatched_block"},{"item":"create:experience_nugget"}],"result":{"item":"bitsnbobs:waxed_aged_thatch_block"}}: Unknown item 'bitsnbobs:waxed_thatched_block'
[00:11:22] [WARN] Error parsing recipe tfmg:colored_concrete/full_block/magenta_concrete_q[create:item_application]: {"type":"create:item_application","ingredients":[{"item":"tfmg:mesh_concrete"},{"item":"minecraft:magenta_dye"}],"results":[{"item":"tfmg:magenta_high_quality_concrete"}]}: Unknown item 'tfmg:mesh_concrete'
[00:11:22] [WARN] Error parsing recipe tfmg:colored_concrete/full_block/purple_concrete_q[create:item_application]: {"type":"create:item_application","ingredients":[{"item":"tfmg:mesh_concrete"},{"item":"minecraft:purple_dye"}],"results":[{"item":"tfmg:purple_high_quality_concrete"}]}: Unknown item 'tfmg:mesh_concrete'
[00:11:22] [WARN] Error parsing recipe tfmg:colored_concrete/full_block/cyan_concrete_q[create:item_application]: {"type":"create:item_application","ingredients":[{"item":"tfmg:mesh_concrete"},{"item":"minecraft:cyan_dye"}],"results":[{"item":"tfmg:cyan_high_quality_concrete"}]}: Unknown item 'tfmg:mesh_concrete'
[00:11:22] [WARN] Error parsing recipe garnished:integration/cooking/nut_nacho_bowl[farmersdelight:cooking]: {"conditions":[{"type":"forge:mod_loaded","modid":"farmersdelight"}],"type":"farmersdelight:cooking","container":{"item":"minecraft:bowl"},"cookingtime":200,"experience":1.0,"ingredients":[{"item":"garnished:nut_nacho"},{"item":"garnished:nut_nacho"},{"item":"garnished:nut_nacho"},{"item":"garnished:nut_nacho"},{"c":"forge:cheese"}],"recipe_book_tab":"meals","result":{"item":"garnished:nut_nacho_bowl"}}: An ingredient entry needs either a tag or an item
[00:11:22] [WARN] Error parsing recipe tfmg:colored_concrete/full_block/orange_concrete_q[create:item_application]: {"type":"create:item_application","ingredients":[{"item":"tfmg:mesh_concrete"},{"item":"minecraft:orange_dye"}],"results":[{"item":"tfmg:orange_high_quality_concrete"}]}: Unknown item 'tfmg:mesh_concrete'
[00:11:22] [WARN] Error parsing recipe create_confectionery:white_chocolate_recipe_6[create:mixing]: {"group":"create_confectionery","type":"create:mixing","ingredients":[{"item":"create_confectionery:white_chocolate_bricks_wall"}],"results":[{"fluid":"create_confectionery:white_chocolate","amount":1000}],"heatRequirement":"heated"}: Unknown item 'create_confectionery:white_chocolate_bricks_wall'
[00:11:22] [WARN] Error parsing recipe tfmg:colored_concrete/full_block/black_concrete_q[create:item_application]: {"type":"create:item_application","ingredients":[{"item":"tfmg:mesh_concrete"},{"item":"minecraft:black_dye"}],"results":[{"item":"tfmg:black_high_quality_concrete"}]}: Unknown item 'tfmg:mesh_concrete'
[00:11:22] [WARN] Error parsing recipe tfmg:colored_concrete/full_block/pink_concrete[create:item_application]: {"type":"create:item_application","ingredients":[{"item":"tfmg:mesh_concrete"},{"item":"minecraft:_dye"}],"results":[{"item":"tfmg:_concrete"}]}: Unknown item 'tfmg:mesh_concrete'
[00:11:22] [WARN] Error parsing recipe bitsnbobs:crafting_shapeless/old_thatch_block[minecraft:crafting_shapeless]: {"type":"minecraft:crafting_shapeless","category":"building","ingredients":[{"item":"bitsnbobs:aged_thatched_block"},{"item":"create:experience_nugget"}],"result":{"item":"bitsnbobs:old_thatch_block"}}: Unknown item 'bitsnbobs:aged_thatched_block'
[00:11:22] [WARN] Error parsing recipe create:cutting/compat/biomesoplenty/stripped_cherry_log[create:cutting]: {"type":"create:cutting","conditions":[{"type":"forge:mod_loaded","modid":"biomesoplenty"}],"ingredients":[{"item":"biomesoplenty:stripped_cherry_log"}],"processingTime":50,"results":[{"count":6,"item":"biomesoplenty:cherry_planks"}]}: Unknown item 'biomesoplenty:stripped_cherry_log'
[00:11:22] [INFO] Added 37 recipes, removed 2 recipes, modified 4 recipes, with 36 failed recipes in 104.7 ms
[00:11:35] [INFO] Server resource reload complete!
